<?xml version="1.0" encoding="UTF-8"?>
<testng-results skipped="0" failed="0" ignored="0" total="2" passed="2">
  <reporter-output>
  </reporter-output>
  <suite name="Pull credentials from excel file" duration-ms="32598" started-at="2017-08-03T20:01:54Z" finished-at="2017-08-03T20:02:27Z">
    <groups>
    </groups>
    <test name="Using excel sheet" duration-ms="32598" started-at="2017-08-03T20:01:54Z" finished-at="2017-08-03T20:02:27Z">
      <class name="com.excel.pullData.UsingExele">
        <test-method status="PASS" signature="beforeClass()[pri:0, instance:com.excel.pullData.UsingExele@47f6473]" name="beforeClass" is-config="true" duration-ms="17241" started-at="2017-08-03T16:01:54Z" finished-at="2017-08-03T16:02:11Z">
          <reporter-output>
          </reporter-output>
        </test-method> <!-- beforeClass -->
        <test-method status="PASS" signature="testUsingExcel(java.lang.String, java.lang.String)[pri:0, instance:com.excel.pullData.UsingExele@47f6473]" name="testUsingExcel" duration-ms="5935" started-at="2017-08-03T16:02:11Z" data-provider="loginData" finished-at="2017-08-03T16:02:17Z">
          <params>
            <param index="0">
              <value>
                <![CDATA[test@email.com]]>
              </value>
            </param>
            <param index="1">
              <value>
                <![CDATA[test]]>
              </value>
            </param>
          </params>
          <reporter-output>
          </reporter-output>
        </test-method> <!-- testUsingExcel -->
        <test-method status="PASS" signature="tearDown(org.testng.ITestResult)[pri:0, instance:com.excel.pullData.UsingExele@47f6473]" name="tearDown" is-config="true" duration-ms="0" started-at="2017-08-03T16:02:17Z" finished-at="2017-08-03T16:02:17Z">
          <params>
            <param index="0">
              <value>
                <![CDATA[[TestResult name=testUsingExcel status=SUCCESS method=UsingExele.testUsingExcel(java.lang.String, java.lang.String)[pri:0, instance:com.excel.pullData.UsingExele@47f6473] output={null}]]]>
              </value>
            </param>
          </params>
          <reporter-output>
          </reporter-output>
        </test-method> <!-- tearDown -->
        <test-method status="PASS" signature="testUsingExcel(java.lang.String, java.lang.String)[pri:0, instance:com.excel.pullData.UsingExele@47f6473]" name="testUsingExcel" duration-ms="6829" started-at="2017-08-03T16:02:17Z" data-provider="loginData" finished-at="2017-08-03T16:02:24Z">
          <params>
            <param index="0">
              <value>
                <![CDATA[email@email.com]]>
              </value>
            </param>
            <param index="1">
              <value>
                <![CDATA[test]]>
              </value>
            </param>
          </params>
          <reporter-output>
          </reporter-output>
        </test-method> <!-- testUsingExcel -->
        <test-method status="PASS" signature="tearDown(org.testng.ITestResult)[pri:0, instance:com.excel.pullData.UsingExele@47f6473]" name="tearDown" is-config="true" duration-ms="0" started-at="2017-08-03T16:02:24Z" finished-at="2017-08-03T16:02:24Z">
          <params>
            <param index="0">
              <value>
                <![CDATA[[TestResult name=testUsingExcel status=SUCCESS method=UsingExele.testUsingExcel(java.lang.String, java.lang.String)[pri:0, instance:com.excel.pullData.UsingExele@47f6473] output={null}]]]>
              </value>
            </param>
          </params>
          <reporter-output>
          </reporter-output>
        </test-method> <!-- tearDown -->
        <test-method status="PASS" signature="afterClass()[pri:0, instance:com.excel.pullData.UsingExele@47f6473]" name="afterClass" is-config="true" duration-ms="2567" started-at="2017-08-03T16:02:24Z" finished-at="2017-08-03T16:02:27Z">
          <reporter-output>
          </reporter-output>
        </test-method> <!-- afterClass -->
      </class> <!-- com.excel.pullData.UsingExele -->
    </test> <!-- Using excel sheet -->
  </suite> <!-- Pull credentials from excel file -->
</testng-results>
