<?xml version="1.0" encoding="UTF-8"?>
<testng-results skipped="0" failed="0" ignored="0" total="2" passed="2">
  <reporter-output>
  </reporter-output>
  <suite name="Pull credentials from excel file" duration-ms="38992" started-at="2017-08-03T17:16:18Z" finished-at="2017-08-03T17:16:57Z">
    <groups>
    </groups>
    <test name="Using excel sheet" duration-ms="38992" started-at="2017-08-03T17:16:18Z" finished-at="2017-08-03T17:16:57Z">
      <class name="com.excel.pullData.UsingExele">
        <test-method status="PASS" signature="beforeClass()[pri:0, instance:com.excel.pullData.UsingExele@47f6473]" name="beforeClass" is-config="true" duration-ms="22168" started-at="2017-08-03T13:16:18Z" finished-at="2017-08-03T13:16:41Z">
          <reporter-output>
          </reporter-output>
        </test-method> <!-- beforeClass -->
        <test-method status="PASS" signature="testUsingExcel(java.lang.String, java.lang.String)[pri:0, instance:com.excel.pullData.UsingExele@47f6473]" name="testUsingExcel" duration-ms="7307" started-at="2017-08-03T13:16:41Z" data-provider="loginData" finished-at="2017-08-03T13:16:48Z">
          <params>
            <param index="0">
              <value>
                <![CDATA[test@email.com]]>
              </value>
            </param>
            <param index="1">
              <value>
                <![CDATA[test]]>
              </value>
            </param>
          </params>
          <reporter-output>
          </reporter-output>
        </test-method> <!-- testUsingExcel -->
        <test-method status="PASS" signature="tearDown(org.testng.ITestResult)[pri:0, instance:com.excel.pullData.UsingExele@47f6473]" name="tearDown" is-config="true" duration-ms="1" started-at="2017-08-03T13:16:48Z" finished-at="2017-08-03T13:16:48Z">
          <params>
            <param index="0">
              <value>
                <![CDATA[[TestResult name=testUsingExcel status=SUCCESS method=UsingExele.testUsingExcel(java.lang.String, java.lang.String)[pri:0, instance:com.excel.pullData.UsingExele@47f6473] output={null}]]]>
              </value>
            </param>
          </params>
          <reporter-output>
          </reporter-output>
        </test-method> <!-- tearDown -->
        <test-method status="PASS" signature="testUsingExcel(java.lang.String, java.lang.String)[pri:0, instance:com.excel.pullData.UsingExele@47f6473]" name="testUsingExcel" duration-ms="6777" started-at="2017-08-03T13:16:48Z" data-provider="loginData" finished-at="2017-08-03T13:16:55Z">
          <params>
            <param index="0">
              <value>
                <![CDATA[email@email.com]]>
              </value>
            </param>
            <param index="1">
              <value>
                <![CDATA[test]]>
              </value>
            </param>
          </params>
          <reporter-output>
          </reporter-output>
        </test-method> <!-- testUsingExcel -->
        <test-method status="PASS" signature="tearDown(org.testng.ITestResult)[pri:0, instance:com.excel.pullData.UsingExele@47f6473]" name="tearDown" is-config="true" duration-ms="0" started-at="2017-08-03T13:16:55Z" finished-at="2017-08-03T13:16:55Z">
          <params>
            <param index="0">
              <value>
                <![CDATA[[TestResult name=testUsingExcel status=SUCCESS method=UsingExele.testUsingExcel(java.lang.String, java.lang.String)[pri:0, instance:com.excel.pullData.UsingExele@47f6473] output={null}]]]>
              </value>
            </param>
          </params>
          <reporter-output>
          </reporter-output>
        </test-method> <!-- tearDown -->
        <test-method status="PASS" signature="afterClass()[pri:0, instance:com.excel.pullData.UsingExele@47f6473]" name="afterClass" is-config="true" duration-ms="2673" started-at="2017-08-03T13:16:55Z" finished-at="2017-08-03T13:16:57Z">
          <reporter-output>
          </reporter-output>
        </test-method> <!-- afterClass -->
      </class> <!-- com.excel.pullData.UsingExele -->
    </test> <!-- Using excel sheet -->
  </suite> <!-- Pull credentials from excel file -->
</testng-results>
